d:\labsc-\oopc++\lab6\debug\vc140.pdb
d:\labsc-\oopc++\lab6\debug\vc140.idb
d:\labsc-\oopc++\lab6\debug\cicle.obj
d:\labsc-\oopc++\lab6\debug\list.obj
d:\labsc-\oopc++\lab6\debug\main.obj
d:\labsc-\oopc++\lab6\debug\node.obj
d:\labsc-\oopc++\lab6\debug\rect.obj
d:\labsc-\oopc++\lab6\debug\shape.obj
d:\labsc-\oopc++\debug\lab6.ilk
d:\labsc-\oopc++\debug\lab6.exe
d:\labsc-\oopc++\debug\lab6.pdb
c:\users\posohov_na\documents\project\labsc-\oopc++\lab6\debug\cicle.obj
c:\users\posohov_na\documents\project\labsc-\oopc++\lab6\debug\list.obj
c:\users\posohov_na\documents\project\labsc-\oopc++\lab6\debug\main.obj
c:\users\posohov_na\documents\project\labsc-\oopc++\lab6\debug\node.obj
c:\users\posohov_na\documents\project\labsc-\oopc++\lab6\debug\rect.obj
c:\users\posohov_na\documents\project\labsc-\oopc++\lab6\debug\shape.obj
c:\users\posohov_na\documents\project\labsc-\oopc++\lab6\debug\vc140.idb
c:\users\posohov_na\documents\project\labsc-\oopc++\lab6\debug\vc140.pdb
c:\users\posohov_na\documents\project\labsc-\oopc++\debug\lab6.pdb
c:\users\posohov_na\documents\project\labsc-\oopc++\debug\lab6.exe
c:\users\posohov_na\documents\project\labsc-\oopc++\debug\lab6.ilk
c:\users\posohov_na\documents\project\labsc-\oopc++\lab6\debug\lab6.tlog\cl.command.1.tlog
c:\users\posohov_na\documents\project\labsc-\oopc++\lab6\debug\lab6.tlog\cl.read.1.tlog
c:\users\posohov_na\documents\project\labsc-\oopc++\lab6\debug\lab6.tlog\cl.write.1.tlog
c:\users\posohov_na\documents\project\labsc-\oopc++\lab6\debug\lab6.tlog\link.command.1.tlog
c:\users\posohov_na\documents\project\labsc-\oopc++\lab6\debug\lab6.tlog\link.read.1.tlog
c:\users\posohov_na\documents\project\labsc-\oopc++\lab6\debug\lab6.tlog\link.write.1.tlog
