Сборка начата 10.06.2016 15:48:59.
     1>Проект "C:\Users\posohov_na\Documents\Project\LabsC-\OOPC++\Lab6\Lab6.vcxproj" в узле 2 (целевые объекты Build).
     1>ClCompile:
         C:\Program Files (x86)\Microsoft Visual Studio 14.0\VC\bin\CL.exe /c /ZI /nologo /W3 /WX- /Od /Oy- /D WIN32 /D _DEBUG /D _CONSOLE /D _UNICODE /D UNICODE /Gm /EHsc /RTC1 /MDd /GS /fp:precise /Zc:wchar_t /Zc:forScope /Zc:inline /Fo"Debug\\" /Fd"Debug\vc140.pdb" /Gd /TP /analyze- /errorReport:prompt List.cpp
         List.cpp
     1>c:\users\posohov_na\documents\project\labsc-\oopc++\lab6\list.cpp(22): warning C4018: <: несоответствие типов со знаком и без знака
     1>c:\users\posohov_na\documents\project\labsc-\oopc++\lab6\list.cpp(129): warning C4018: <: несоответствие типов со знаком и без знака
     1>c:\users\posohov_na\documents\project\labsc-\oopc++\lab6\list.cpp(134): warning C4018: <: несоответствие типов со знаком и без знака
     1>c:\users\posohov_na\documents\project\labsc-\oopc++\lab6\list.cpp(235): warning C4018: <: несоответствие типов со знаком и без знака
       Link:
         C:\Program Files (x86)\Microsoft Visual Studio 14.0\VC\bin\link.exe /ERRORREPORT:PROMPT /OUT:"C:\Users\posohov_na\Documents\Project\LabsC-\OOPC++\Debug\Lab6.exe" /INCREMENTAL /NOLOGO kernel32.lib user32.lib gdi32.lib winspool.lib comdlg32.lib advapi32.lib shell32.lib ole32.lib oleaut32.lib uuid.lib odbc32.lib odbccp32.lib /MANIFEST /MANIFESTUAC:"level='asInvoker' uiAccess='false'" /manifest:embed /Debug /PDB:"C:\Users\posohov_na\Documents\Project\LabsC-\OOPC++\Debug\Lab6.pdb" /SUBSYSTEM:CONSOLE /TLBID:1 /DYNAMICBASE /NXCOMPAT /IMPLIB:"C:\Users\posohov_na\Documents\Project\LabsC-\OOPC++\Debug\Lab6.lib" /MACHINE:X86 Debug\Cicle.obj
         Debug\List.obj
         Debug\main.obj
         Debug\Node.obj
         Debug\Rect.obj
         Debug\Shape.obj
         Lab6.vcxproj -> C:\Users\posohov_na\Documents\Project\LabsC-\OOPC++\Debug\Lab6.exe
     1>Сборка проекта "C:\Users\posohov_na\Documents\Project\LabsC-\OOPC++\Lab6\Lab6.vcxproj" завершена (целевые объекты Build).

Сборка успешно завершена.

Затраченное время: 00:00:01.36
