d:\labsc-\oopc++\lab4\debug\vc140.pdb
d:\labsc-\oopc++\lab4\debug\vc140.idb
d:\labsc-\oopc++\lab4\debug\cicle.obj
d:\labsc-\oopc++\lab4\debug\list.obj
d:\labsc-\oopc++\lab4\debug\main.obj
d:\labsc-\oopc++\lab4\debug\node.obj
d:\labsc-\oopc++\lab4\debug\point.obj
d:\labsc-\oopc++\debug\lab4.ilk
d:\labsc-\oopc++\debug\lab4.exe
d:\labsc-\oopc++\debug\lab4.pdb
c:\users\posohov_na\documents\project\labsc-\oopc++\lab4\debug\cicle.obj
c:\users\posohov_na\documents\project\labsc-\oopc++\lab4\debug\list.obj
c:\users\posohov_na\documents\project\labsc-\oopc++\lab4\debug\main.obj
c:\users\posohov_na\documents\project\labsc-\oopc++\lab4\debug\node.obj
c:\users\posohov_na\documents\project\labsc-\oopc++\lab4\debug\point.obj
c:\users\posohov_na\documents\project\labsc-\oopc++\lab4\debug\vc140.idb
c:\users\posohov_na\documents\project\labsc-\oopc++\lab4\debug\vc140.pdb
c:\users\posohov_na\documents\project\labsc-\oopc++\debug\lab4.pdb
c:\users\posohov_na\documents\project\labsc-\oopc++\debug\lab4.exe
c:\users\posohov_na\documents\project\labsc-\oopc++\debug\lab4.ilk
c:\users\posohov_na\documents\project\labsc-\oopc++\lab4\debug\lab4.tlog\cl.command.1.tlog
c:\users\posohov_na\documents\project\labsc-\oopc++\lab4\debug\lab4.tlog\cl.read.1.tlog
c:\users\posohov_na\documents\project\labsc-\oopc++\lab4\debug\lab4.tlog\cl.write.1.tlog
c:\users\posohov_na\documents\project\labsc-\oopc++\lab4\debug\lab4.tlog\link.command.1.tlog
c:\users\posohov_na\documents\project\labsc-\oopc++\lab4\debug\lab4.tlog\link.read.1.tlog
c:\users\posohov_na\documents\project\labsc-\oopc++\lab4\debug\lab4.tlog\link.write.1.tlog
