  Shape.cpp
  Oct.cpp
  myString.cpp
d:\labsc++\oopc++\lab2\mystring.cpp(10): warning C4996: 'strcpy': This function or variable may be unsafe. Consider using strcpy_s instead. To disable deprecation, use _CRT_SECURE_NO_WARNINGS. See online help for details.
  c:\program files (x86)\windows kits\10\include\10.0.10240.0\ucrt\string.h(119): note: see declaration of 'strcpy'
d:\labsc++\oopc++\lab2\mystring.cpp(17): warning C4996: 'strcpy': This function or variable may be unsafe. Consider using strcpy_s instead. To disable deprecation, use _CRT_SECURE_NO_WARNINGS. See online help for details.
  c:\program files (x86)\windows kits\10\include\10.0.10240.0\ucrt\string.h(119): note: see declaration of 'strcpy'
d:\labsc++\oopc++\lab2\mystring.cpp(47): warning C4996: 'strcpy': This function or variable may be unsafe. Consider using strcpy_s instead. To disable deprecation, use _CRT_SECURE_NO_WARNINGS. See online help for details.
  c:\program files (x86)\windows kits\10\include\10.0.10240.0\ucrt\string.h(119): note: see declaration of 'strcpy'
d:\labsc++\oopc++\lab2\mystring.cpp(63): warning C4996: 'strcat': This function or variable may be unsafe. Consider using strcat_s instead. To disable deprecation, use _CRT_SECURE_NO_WARNINGS. See online help for details.
  c:\program files (x86)\windows kits\10\include\10.0.10240.0\ucrt\string.h(90): note: see declaration of 'strcat'
  myRect.cpp
  main.cpp
  Hex.cpp
  Cicle.cpp
  Bin.cpp
d:\labsc++\oopc++\lab2\bin.cpp(55): warning C4800: 'int': forcing value to bool 'true' or 'false' (performance warning)
d:\labsc++\oopc++\lab2\bin.cpp(58): warning C4800: 'int': forcing value to bool 'true' or 'false' (performance warning)
d:\labsc++\oopc++\lab2\bin.cpp(61): warning C4800: 'int': forcing value to bool 'true' or 'false' (performance warning)
d:\labsc++\oopc++\lab2\bin.cpp(64): warning C4800: 'int': forcing value to bool 'true' or 'false' (performance warning)
d:\labsc++\oopc++\lab2\bin.cpp(67): warning C4800: 'int': forcing value to bool 'true' or 'false' (performance warning)
d:\labsc++\oopc++\lab2\bin.cpp(70): warning C4800: 'int': forcing value to bool 'true' or 'false' (performance warning)
d:\labsc++\oopc++\lab2\bin.cpp(73): warning C4800: 'int': forcing value to bool 'true' or 'false' (performance warning)
d:\labsc++\oopc++\lab2\bin.cpp(76): warning C4800: 'int': forcing value to bool 'true' or 'false' (performance warning)
  Generating Code...
  Lab2.vcxproj -> D:\LabsC++\OOPC++\Debug\Lab2.exe
