c:\users\posohov_na\documents\project\labsc-\oopc++\lab2\debug\vc140.pdb
c:\users\posohov_na\documents\project\labsc-\oopc++\lab2\debug\vc140.idb
c:\users\posohov_na\documents\project\labsc-\oopc++\lab2\debug\bin.obj
c:\users\posohov_na\documents\project\labsc-\oopc++\lab2\debug\cicle.obj
c:\users\posohov_na\documents\project\labsc-\oopc++\lab2\debug\hex.obj
c:\users\posohov_na\documents\project\labsc-\oopc++\lab2\debug\main.obj
c:\users\posohov_na\documents\project\labsc-\oopc++\lab2\debug\myrect.obj
c:\users\posohov_na\documents\project\labsc-\oopc++\lab2\debug\mystring.obj
c:\users\posohov_na\documents\project\labsc-\oopc++\lab2\debug\oct.obj
c:\users\posohov_na\documents\project\labsc-\oopc++\debug\lab2.pdb
c:\users\posohov_na\documents\project\labsc-\oopc++\lab2\debug\lab2.tlog\cl.command.1.tlog
c:\users\posohov_na\documents\project\labsc-\oopc++\lab2\debug\lab2.tlog\cl.read.1.tlog
c:\users\posohov_na\documents\project\labsc-\oopc++\lab2\debug\lab2.tlog\cl.write.1.tlog
c:\users\posohov_na\documents\project\labsc-\oopc++\lab2\debug\lab2.tlog\link-cvtres.read.1.tlog
c:\users\posohov_na\documents\project\labsc-\oopc++\lab2\debug\lab2.tlog\link-cvtres.write.1.tlog
c:\users\posohov_na\documents\project\labsc-\oopc++\lab2\debug\lab2.tlog\link-rc.read.1.tlog
c:\users\posohov_na\documents\project\labsc-\oopc++\lab2\debug\lab2.tlog\link-rc.write.1.tlog
c:\users\posohov_na\documents\project\labsc-\oopc++\lab2\debug\lab2.tlog\link.command.1.tlog
c:\users\posohov_na\documents\project\labsc-\oopc++\lab2\debug\lab2.tlog\link.read.1.tlog
c:\users\posohov_na\documents\project\labsc-\oopc++\lab2\debug\lab2.tlog\link.write.1.tlog
