d:\labsc-\oopc++\lab1\debug\vc140.pdb
d:\labsc-\oopc++\lab1\debug\vc140.idb
d:\labsc-\oopc++\lab1\debug\bochka.obj
d:\labsc-\oopc++\lab1\debug\main.obj
d:\labsc-\oopc++\lab1\debug\myrect.obj
d:\labsc-\oopc++\lab1\debug\mystring.obj
d:\labsc-\oopc++\lab1\debug\shape.obj
d:\labsc-\oopc++\debug\lab1.ilk
d:\labsc-\oopc++\debug\lab1.exe
d:\labsc-\oopc++\debug\lab1.pdb
c:\users\posohov_na\documents\project\labsc-\oopc++\lab1\debug\bochka.obj
c:\users\posohov_na\documents\project\labsc-\oopc++\lab1\debug\main.obj
c:\users\posohov_na\documents\project\labsc-\oopc++\lab1\debug\myrect.obj
c:\users\posohov_na\documents\project\labsc-\oopc++\lab1\debug\mystring.obj
c:\users\posohov_na\documents\project\labsc-\oopc++\lab1\debug\shape.obj
c:\users\posohov_na\documents\project\labsc-\oopc++\lab1\debug\vc140.idb
c:\users\posohov_na\documents\project\labsc-\oopc++\lab1\debug\vc140.pdb
c:\users\posohov_na\documents\project\labsc-\oopc++\debug\lab1.pdb
c:\users\posohov_na\documents\project\labsc-\oopc++\debug\lab1.exe
c:\users\posohov_na\documents\project\labsc-\oopc++\debug\lab1.ilk
c:\users\posohov_na\documents\project\labsc-\oopc++\lab1\debug\lab1.tlog\cl.command.1.tlog
c:\users\posohov_na\documents\project\labsc-\oopc++\lab1\debug\lab1.tlog\cl.read.1.tlog
c:\users\posohov_na\documents\project\labsc-\oopc++\lab1\debug\lab1.tlog\cl.write.1.tlog
c:\users\posohov_na\documents\project\labsc-\oopc++\lab1\debug\lab1.tlog\link.command.1.tlog
c:\users\posohov_na\documents\project\labsc-\oopc++\lab1\debug\lab1.tlog\link.read.1.tlog
c:\users\posohov_na\documents\project\labsc-\oopc++\lab1\debug\lab1.tlog\link.write.1.tlog
