Сборка начата 10.06.2016 11:32:23.
     1>Проект "c:\Users\posohov_na\Documents\Project\LabsC-\OOPC++\Lab1\Lab1.vcxproj" в узле 2 (целевые объекты Rebuild).
     1>ClCompile:
         C:\Program Files (x86)\Microsoft Visual Studio 14.0\VC\bin\CL.exe /c /ZI /nologo /W3 /WX- /Od /Oy- /D WIN32 /D _DEBUG /D _CONSOLE /D _UNICODE /D UNICODE /Gm /EHsc /RTC1 /MDd /GS /fp:precise /Zc:wchar_t /Zc:forScope /Zc:inline /Fo"Debug\\" /Fd"Debug\vc140.pdb" /Gd /TP /analyze- /errorReport:prompt Bochka.cpp main.cpp myRect.cpp myString.cpp Shape.cpp
         Shape.cpp
         myString.cpp
     1>c:\users\posohov_na\documents\project\labsc-\oopc++\lab1\mystring.cpp(10): warning C4996: 'strcpy': This function or variable may be unsafe. Consider using strcpy_s instead. To disable deprecation, use _CRT_SECURE_NO_WARNINGS. See online help for details.
         c:\program files (x86)\windows kits\10\include\10.0.10150.0\ucrt\string.h(119): note:  см. объявление "strcpy"
     1>c:\users\posohov_na\documents\project\labsc-\oopc++\lab1\mystring.cpp(17): warning C4996: 'strcpy': This function or variable may be unsafe. Consider using strcpy_s instead. To disable deprecation, use _CRT_SECURE_NO_WARNINGS. See online help for details.
         c:\program files (x86)\windows kits\10\include\10.0.10150.0\ucrt\string.h(119): note:  см. объявление "strcpy"
     1>c:\users\posohov_na\documents\project\labsc-\oopc++\lab1\mystring.cpp(47): warning C4996: 'strcpy': This function or variable may be unsafe. Consider using strcpy_s instead. To disable deprecation, use _CRT_SECURE_NO_WARNINGS. See online help for details.
         c:\program files (x86)\windows kits\10\include\10.0.10150.0\ucrt\string.h(119): note:  см. объявление "strcpy"
     1>c:\users\posohov_na\documents\project\labsc-\oopc++\lab1\mystring.cpp(63): warning C4996: 'strcat': This function or variable may be unsafe. Consider using strcat_s instead. To disable deprecation, use _CRT_SECURE_NO_WARNINGS. See online help for details.
         c:\program files (x86)\windows kits\10\include\10.0.10150.0\ucrt\string.h(90): note:  см. объявление "strcat"
         myRect.cpp
         main.cpp
     1>c:\users\posohov_na\documents\project\labsc-\oopc++\lab1\main.cpp(289): warning C4305: аргумент: усечение из "double" к "float"
         Bochka.cpp
         Создание кода...
       Link:
         C:\Program Files (x86)\Microsoft Visual Studio 14.0\VC\bin\link.exe /ERRORREPORT:PROMPT /OUT:"C:\Users\posohov_na\Documents\Project\LabsC-\OOPC++\Debug\Lab1.exe" /INCREMENTAL /NOLOGO kernel32.lib user32.lib gdi32.lib winspool.lib comdlg32.lib advapi32.lib shell32.lib ole32.lib oleaut32.lib uuid.lib odbc32.lib odbccp32.lib /MANIFEST /MANIFESTUAC:"level='asInvoker' uiAccess='false'" /manifest:embed /Debug /PDB:"C:\Users\posohov_na\Documents\Project\LabsC-\OOPC++\Debug\Lab1.pdb" /SUBSYSTEM:CONSOLE /TLBID:1 /DYNAMICBASE /NXCOMPAT /IMPLIB:"C:\Users\posohov_na\Documents\Project\LabsC-\OOPC++\Debug\Lab1.lib" /MACHINE:X86 Debug\Bochka.obj
         Debug\main.obj
         Debug\myRect.obj
         Debug\myString.obj
         Debug\Shape.obj
         Lab1.vcxproj -> C:\Users\posohov_na\Documents\Project\LabsC-\OOPC++\Debug\Lab1.exe
     1>Сборка проекта "c:\Users\posohov_na\Documents\Project\LabsC-\OOPC++\Lab1\Lab1.vcxproj" завершена (целевые объекты Rebuild).

Сборка успешно завершена.

Затраченное время: 00:00:05.07
